Arguments: 
  /Users/zhuqingyuan/.nvm/versions/node/v14.19.1/bin/node /usr/local/Cellar/yarn/1.22.19/libexec/bin/yarn.js init

PATH: 
  /Users/zhuqingyuan/.nvm/versions/node/v14.19.1/bin:/usr/local/bin:/usr/local/bin:/usr/bin:/bin:/usr/sbin:/sbin:/Library/Apple/usr/bin:/Users/zhuqingyuan/.nvm/versions/node/v14.19.1/bin:/usr/local/mysql/bin:/usr/local/mysql/support-files:/usr/local/sbin:/Users/zhuqingyuan/Documents/maven/apache-maven-3.6.3/bin:/usr/local/redis-6.2.4/src:/usr/local/mysql/bin:/usr/local/mysql/support-files:/usr/local/sbin:/Users/zhuqingyuan/Documents/maven/apache-maven-3.6.3/bin:/usr/local/redis-6.2.4/src

Yarn version: 
  1.22.19

Node version: 
  14.19.1

Platform: 
  darwin x64

Trace: 
  Error: canceled
      at Interface.<anonymous> (/usr/local/Cellar/yarn/1.22.19/libexec/lib/cli.js:137150:13)
      at Interface.emit (events.js:400:28)
      at Interface._ttyWrite (readline.js:1001:16)
      at ReadStream.onkeypress (readline.js:265:10)
      at ReadStream.emit (events.js:400:28)
      at emitKeys (internal/readline/utils.js:358:14)
      at emitKeys.next (<anonymous>)
      at ReadStream.onData (readline.js:1270:36)
      at ReadStream.emit (events.js:400:28)
      at addChunk (internal/streams/readable.js:293:12)

npm manifest: 
  No manifest

yarn manifest: 
  No manifest

Lockfile: 
  No lockfile
