Arguments: 
  /Users/zhuqingyuan/.nvm/versions/node/v14.19.1/bin/node /usr/local/Cellar/yarn/1.22.19/libexec/bin/yarn.js add puppeter

PATH: 
  /Users/zhuqingyuan/.nvm/versions/node/v14.19.1/bin:/usr/local/bin:/usr/local/bin:/usr/bin:/bin:/usr/sbin:/sbin:/Library/Apple/usr/bin:/Users/zhuqingyuan/.nvm/versions/node/v14.19.1/bin:/usr/local/mysql/bin:/usr/local/mysql/support-files:/usr/local/sbin:/Users/zhuqingyuan/Documents/maven/apache-maven-3.6.3/bin:/usr/local/redis-6.2.4/src:/usr/local/mysql/bin:/usr/local/mysql/support-files:/usr/local/sbin:/Users/zhuqingyuan/Documents/maven/apache-maven-3.6.3/bin:/usr/local/redis-6.2.4/src

Yarn version: 
  1.22.19

Node version: 
  14.19.1

Platform: 
  darwin x64

Trace: 
  Error: https://registry.npm.taobao.org/puppeter: [NOT_FOUND] puppeter not found
      at Request.params.callback [as _callback] (/usr/local/Cellar/yarn/1.22.19/libexec/lib/cli.js:66145:18)
      at Request.self.callback (/usr/local/Cellar/yarn/1.22.19/libexec/lib/cli.js:140890:22)
      at Request.emit (events.js:400:28)
      at Request.<anonymous> (/usr/local/Cellar/yarn/1.22.19/libexec/lib/cli.js:141862:10)
      at Request.emit (events.js:400:28)
      at Gunzip.<anonymous> (/usr/local/Cellar/yarn/1.22.19/libexec/lib/cli.js:141784:12)
      at Object.onceWrapper (events.js:519:28)
      at Gunzip.emit (events.js:400:28)
      at endReadableNT (internal/streams/readable.js:1334:12)
      at processTicksAndRejections (internal/process/task_queues.js:82:21)

npm manifest: 
  {
    "name": "node",
    "version": "1.0.0",
    "main": "index.js",
    "license": "MIT"
  }

yarn manifest: 
  No manifest

Lockfile: 
  No lockfile
